CRITICAL - 2020-09-11 00:44:25 --> Call to undefined function form_open_multipart()
#0 /var/www/html/RotMan/vendor/codeigniter4/framework/system/View/View.php(246): include()
#1 /var/www/html/RotMan/vendor/codeigniter4/framework/system/Common.php(1119): CodeIgniter\View\View->render()
#2 /var/www/html/RotMan/app/Controllers/Admin.php(273): view()
#3 /var/www/html/RotMan/vendor/codeigniter4/framework/system/CodeIgniter.php(918): App\Controllers\Admin->profile()
#4 /var/www/html/RotMan/vendor/codeigniter4/framework/system/CodeIgniter.php(404): CodeIgniter\CodeIgniter->runController()
#5 /var/www/html/RotMan/vendor/codeigniter4/framework/system/CodeIgniter.php(312): CodeIgniter\CodeIgniter->handleRequest()
#6 /var/www/html/RotMan/public/index.php(45): CodeIgniter\CodeIgniter->run()
#7 /var/www/html/RotMan/vendor/codeigniter4/framework/system/Commands/Server/rewrite.php(34): require_once('/var/www/html/R...')
#8 {main}
CRITICAL - 2020-09-11 00:45:01 --> Call to undefined function form_open_multipart()
#0 /var/www/html/RotMan/vendor/codeigniter4/framework/system/View/View.php(246): include()
#1 /var/www/html/RotMan/vendor/codeigniter4/framework/system/Common.php(1119): CodeIgniter\View\View->render()
#2 /var/www/html/RotMan/app/Controllers/Admin.php(273): view()
#3 /var/www/html/RotMan/vendor/codeigniter4/framework/system/CodeIgniter.php(918): App\Controllers\Admin->profile()
#4 /var/www/html/RotMan/vendor/codeigniter4/framework/system/CodeIgniter.php(404): CodeIgniter\CodeIgniter->runController()
#5 /var/www/html/RotMan/vendor/codeigniter4/framework/system/CodeIgniter.php(312): CodeIgniter\CodeIgniter->handleRequest()
#6 /var/www/html/RotMan/public/index.php(45): CodeIgniter\CodeIgniter->run()
#7 /var/www/html/RotMan/vendor/codeigniter4/framework/system/Commands/Server/rewrite.php(34): require_once('/var/www/html/R...')
#8 {main}
CRITICAL - 2020-09-11 00:45:34 --> Call to undefined function form_open_multipart()
#0 /var/www/html/RotMan/vendor/codeigniter4/framework/system/View/View.php(246): include()
#1 /var/www/html/RotMan/vendor/codeigniter4/framework/system/Common.php(1119): CodeIgniter\View\View->render()
#2 /var/www/html/RotMan/app/Controllers/Admin.php(273): view()
#3 /var/www/html/RotMan/vendor/codeigniter4/framework/system/CodeIgniter.php(918): App\Controllers\Admin->profile()
#4 /var/www/html/RotMan/vendor/codeigniter4/framework/system/CodeIgniter.php(404): CodeIgniter\CodeIgniter->runController()
#5 /var/www/html/RotMan/vendor/codeigniter4/framework/system/CodeIgniter.php(312): CodeIgniter\CodeIgniter->handleRequest()
#6 /var/www/html/RotMan/public/index.php(45): CodeIgniter\CodeIgniter->run()
#7 /var/www/html/RotMan/vendor/codeigniter4/framework/system/Commands/Server/rewrite.php(34): require_once('/var/www/html/R...')
#8 {main}
CRITICAL - 2020-09-11 00:45:37 --> Call to undefined function form_open_multipart()
#0 /var/www/html/RotMan/vendor/codeigniter4/framework/system/View/View.php(246): include()
#1 /var/www/html/RotMan/vendor/codeigniter4/framework/system/Common.php(1119): CodeIgniter\View\View->render()
#2 /var/www/html/RotMan/app/Controllers/Admin.php(273): view()
#3 /var/www/html/RotMan/vendor/codeigniter4/framework/system/CodeIgniter.php(918): App\Controllers\Admin->profile()
#4 /var/www/html/RotMan/vendor/codeigniter4/framework/system/CodeIgniter.php(404): CodeIgniter\CodeIgniter->runController()
#5 /var/www/html/RotMan/vendor/codeigniter4/framework/system/CodeIgniter.php(312): CodeIgniter\CodeIgniter->handleRequest()
#6 /var/www/html/RotMan/public/index.php(45): CodeIgniter\CodeIgniter->run()
#7 /var/www/html/RotMan/vendor/codeigniter4/framework/system/Commands/Server/rewrite.php(34): require_once('/var/www/html/R...')
#8 {main}
CRITICAL - 2020-09-11 00:46:42 --> Call to undefined function form_open_multipart()
#0 /var/www/html/RotMan/vendor/codeigniter4/framework/system/View/View.php(246): include()
#1 /var/www/html/RotMan/vendor/codeigniter4/framework/system/Common.php(1119): CodeIgniter\View\View->render()
#2 /var/www/html/RotMan/app/Controllers/Admin.php(273): view()
#3 /var/www/html/RotMan/vendor/codeigniter4/framework/system/CodeIgniter.php(918): App\Controllers\Admin->profile()
#4 /var/www/html/RotMan/vendor/codeigniter4/framework/system/CodeIgniter.php(404): CodeIgniter\CodeIgniter->runController()
#5 /var/www/html/RotMan/vendor/codeigniter4/framework/system/CodeIgniter.php(312): CodeIgniter\CodeIgniter->handleRequest()
#6 /var/www/html/RotMan/public/index.php(45): CodeIgniter\CodeIgniter->run()
#7 /var/www/html/RotMan/vendor/codeigniter4/framework/system/Commands/Server/rewrite.php(34): require_once('/var/www/html/R...')
#8 {main}
CRITICAL - 2020-09-11 00:47:20 --> Call to undefined function form_open_multipart()
#0 /var/www/html/RotMan/vendor/codeigniter4/framework/system/View/View.php(246): include()
#1 /var/www/html/RotMan/vendor/codeigniter4/framework/system/Common.php(1119): CodeIgniter\View\View->render()
#2 /var/www/html/RotMan/app/Controllers/Admin.php(243): view()
#3 /var/www/html/RotMan/vendor/codeigniter4/framework/system/CodeIgniter.php(918): App\Controllers\Admin->profile()
#4 /var/www/html/RotMan/vendor/codeigniter4/framework/system/CodeIgniter.php(404): CodeIgniter\CodeIgniter->runController()
#5 /var/www/html/RotMan/vendor/codeigniter4/framework/system/CodeIgniter.php(312): CodeIgniter\CodeIgniter->handleRequest()
#6 /var/www/html/RotMan/public/index.php(45): CodeIgniter\CodeIgniter->run()
#7 /var/www/html/RotMan/vendor/codeigniter4/framework/system/Commands/Server/rewrite.php(34): require_once('/var/www/html/R...')
#8 {main}
CRITICAL - 2020-09-11 00:58:00 --> Call to undefined function form_open_multipart()
#0 /var/www/html/RotMan/vendor/codeigniter4/framework/system/View/View.php(246): include()
#1 /var/www/html/RotMan/vendor/codeigniter4/framework/system/Common.php(1119): CodeIgniter\View\View->render()
#2 /var/www/html/RotMan/app/Controllers/Admin.php(243): view()
#3 /var/www/html/RotMan/vendor/codeigniter4/framework/system/CodeIgniter.php(918): App\Controllers\Admin->profile()
#4 /var/www/html/RotMan/vendor/codeigniter4/framework/system/CodeIgniter.php(404): CodeIgniter\CodeIgniter->runController()
#5 /var/www/html/RotMan/vendor/codeigniter4/framework/system/CodeIgniter.php(312): CodeIgniter\CodeIgniter->handleRequest()
#6 /var/www/html/RotMan/public/index.php(45): CodeIgniter\CodeIgniter->run()
#7 /var/www/html/RotMan/vendor/codeigniter4/framework/system/Commands/Server/rewrite.php(34): require_once('/var/www/html/R...')
#8 {main}
CRITICAL - 2020-09-11 00:59:29 --> Call to undefined function form_open_multipart()
#0 /var/www/html/RotMan/vendor/codeigniter4/framework/system/View/View.php(246): include()
#1 /var/www/html/RotMan/vendor/codeigniter4/framework/system/Common.php(1119): CodeIgniter\View\View->render()
#2 /var/www/html/RotMan/app/Controllers/Admin.php(243): view()
#3 /var/www/html/RotMan/vendor/codeigniter4/framework/system/CodeIgniter.php(918): App\Controllers\Admin->profile()
#4 /var/www/html/RotMan/vendor/codeigniter4/framework/system/CodeIgniter.php(404): CodeIgniter\CodeIgniter->runController()
#5 /var/www/html/RotMan/vendor/codeigniter4/framework/system/CodeIgniter.php(312): CodeIgniter\CodeIgniter->handleRequest()
#6 /var/www/html/RotMan/public/index.php(45): CodeIgniter\CodeIgniter->run()
#7 /var/www/html/RotMan/vendor/codeigniter4/framework/system/Commands/Server/rewrite.php(34): require_once('/var/www/html/R...')
#8 {main}
CRITICAL - 2020-09-11 01:46:23 --> Undefined variable: user
#0 /var/www/html/RotMan/app/Views/admin/profile.php(54): CodeIgniter\Debug\Exceptions->errorHandler()
#1 /var/www/html/RotMan/vendor/codeigniter4/framework/system/View/View.php(246): include('/var/www/html/R...')
#2 /var/www/html/RotMan/vendor/codeigniter4/framework/system/Common.php(1119): CodeIgniter\View\View->render()
#3 /var/www/html/RotMan/app/Controllers/Admin.php(249): view()
#4 /var/www/html/RotMan/vendor/codeigniter4/framework/system/CodeIgniter.php(918): App\Controllers\Admin->profile()
#5 /var/www/html/RotMan/vendor/codeigniter4/framework/system/CodeIgniter.php(404): CodeIgniter\CodeIgniter->runController()
#6 /var/www/html/RotMan/vendor/codeigniter4/framework/system/CodeIgniter.php(312): CodeIgniter\CodeIgniter->handleRequest()
#7 /var/www/html/RotMan/public/index.php(45): CodeIgniter\CodeIgniter->run()
#8 /var/www/html/RotMan/vendor/codeigniter4/framework/system/Commands/Server/rewrite.php(34): require_once('/var/www/html/R...')
#9 {main}
CRITICAL - 2020-09-11 01:46:30 --> Undefined variable: user
#0 /var/www/html/RotMan/app/Views/admin/profile.php(54): CodeIgniter\Debug\Exceptions->errorHandler()
#1 /var/www/html/RotMan/vendor/codeigniter4/framework/system/View/View.php(246): include('/var/www/html/R...')
#2 /var/www/html/RotMan/vendor/codeigniter4/framework/system/Common.php(1119): CodeIgniter\View\View->render()
#3 /var/www/html/RotMan/app/Controllers/Admin.php(249): view()
#4 /var/www/html/RotMan/vendor/codeigniter4/framework/system/CodeIgniter.php(918): App\Controllers\Admin->profile()
#5 /var/www/html/RotMan/vendor/codeigniter4/framework/system/CodeIgniter.php(404): CodeIgniter\CodeIgniter->runController()
#6 /var/www/html/RotMan/vendor/codeigniter4/framework/system/CodeIgniter.php(312): CodeIgniter\CodeIgniter->handleRequest()
#7 /var/www/html/RotMan/public/index.php(45): CodeIgniter\CodeIgniter->run()
#8 /var/www/html/RotMan/vendor/codeigniter4/framework/system/Commands/Server/rewrite.php(34): require_once('/var/www/html/R...')
#9 {main}
CRITICAL - 2020-09-11 01:46:31 --> Undefined variable: user
#0 /var/www/html/RotMan/app/Views/admin/profile.php(54): CodeIgniter\Debug\Exceptions->errorHandler()
#1 /var/www/html/RotMan/vendor/codeigniter4/framework/system/View/View.php(246): include('/var/www/html/R...')
#2 /var/www/html/RotMan/vendor/codeigniter4/framework/system/Common.php(1119): CodeIgniter\View\View->render()
#3 /var/www/html/RotMan/app/Controllers/Admin.php(249): view()
#4 /var/www/html/RotMan/vendor/codeigniter4/framework/system/CodeIgniter.php(918): App\Controllers\Admin->profile()
#5 /var/www/html/RotMan/vendor/codeigniter4/framework/system/CodeIgniter.php(404): CodeIgniter\CodeIgniter->runController()
#6 /var/www/html/RotMan/vendor/codeigniter4/framework/system/CodeIgniter.php(312): CodeIgniter\CodeIgniter->handleRequest()
#7 /var/www/html/RotMan/public/index.php(45): CodeIgniter\CodeIgniter->run()
#8 /var/www/html/RotMan/vendor/codeigniter4/framework/system/Commands/Server/rewrite.php(34): require_once('/var/www/html/R...')
#9 {main}
CRITICAL - 2020-09-11 01:47:29 --> Undefined variable: user
#0 /var/www/html/RotMan/app/Views/admin/profile.php(54): CodeIgniter\Debug\Exceptions->errorHandler()
#1 /var/www/html/RotMan/vendor/codeigniter4/framework/system/View/View.php(246): include('/var/www/html/R...')
#2 /var/www/html/RotMan/vendor/codeigniter4/framework/system/Common.php(1119): CodeIgniter\View\View->render()
#3 /var/www/html/RotMan/app/Controllers/Admin.php(249): view()
#4 /var/www/html/RotMan/vendor/codeigniter4/framework/system/CodeIgniter.php(918): App\Controllers\Admin->profile()
#5 /var/www/html/RotMan/vendor/codeigniter4/framework/system/CodeIgniter.php(404): CodeIgniter\CodeIgniter->runController()
#6 /var/www/html/RotMan/vendor/codeigniter4/framework/system/CodeIgniter.php(312): CodeIgniter\CodeIgniter->handleRequest()
#7 /var/www/html/RotMan/public/index.php(45): CodeIgniter\CodeIgniter->run()
#8 /var/www/html/RotMan/vendor/codeigniter4/framework/system/Commands/Server/rewrite.php(34): require_once('/var/www/html/R...')
#9 {main}
