CRITICAL - 2020-09-17 00:42:09 --> Array to string conversion
#0 /var/www/html/RotMan/app/Views/template/auth.php(14): CodeIgniter\Debug\Exceptions->errorHandler()
#1 /var/www/html/RotMan/vendor/codeigniter4/framework/system/View/View.php(246): include('/var/www/html/R...')
#2 /var/www/html/RotMan/vendor/codeigniter4/framework/system/View/View.php(257): CodeIgniter\View\View->render()
#3 /var/www/html/RotMan/vendor/codeigniter4/framework/system/Common.php(1119): CodeIgniter\View\View->render()
#4 /var/www/html/RotMan/app/Controllers/Auth/Login.php(38): view()
#5 /var/www/html/RotMan/vendor/codeigniter4/framework/system/CodeIgniter.php(918): App\Controllers\Auth\Login->index()
#6 /var/www/html/RotMan/vendor/codeigniter4/framework/system/CodeIgniter.php(404): CodeIgniter\CodeIgniter->runController()
#7 /var/www/html/RotMan/vendor/codeigniter4/framework/system/CodeIgniter.php(312): CodeIgniter\CodeIgniter->handleRequest()
#8 /var/www/html/RotMan/public/index.php(45): CodeIgniter\CodeIgniter->run()
#9 /var/www/html/RotMan/vendor/codeigniter4/framework/system/Commands/Server/rewrite.php(34): require_once('/var/www/html/R...')
#10 {main}
CRITICAL - 2020-09-17 01:02:44 --> Undefined variable: pesan
#0 /var/www/html/RotMan/app/Controllers/Auth/Login.php(64): CodeIgniter\Debug\Exceptions->errorHandler()
#1 /var/www/html/RotMan/vendor/codeigniter4/framework/system/CodeIgniter.php(918): App\Controllers\Auth\Login->index()
#2 /var/www/html/RotMan/vendor/codeigniter4/framework/system/CodeIgniter.php(404): CodeIgniter\CodeIgniter->runController()
#3 /var/www/html/RotMan/vendor/codeigniter4/framework/system/CodeIgniter.php(312): CodeIgniter\CodeIgniter->handleRequest()
#4 /var/www/html/RotMan/public/index.php(45): CodeIgniter\CodeIgniter->run()
#5 /var/www/html/RotMan/vendor/codeigniter4/framework/system/Commands/Server/rewrite.php(34): require_once('/var/www/html/R...')
#6 {main}
CRITICAL - 2020-09-17 01:31:51 --> Call to undefined method CodeIgniter\Database\MySQLi\Result::ResultArray()
#0 /var/www/html/RotMan/vendor/codeigniter4/framework/system/CodeIgniter.php(918): App\Controllers\Admin->detailrouter()
#1 /var/www/html/RotMan/vendor/codeigniter4/framework/system/CodeIgniter.php(404): CodeIgniter\CodeIgniter->runController()
#2 /var/www/html/RotMan/vendor/codeigniter4/framework/system/CodeIgniter.php(312): CodeIgniter\CodeIgniter->handleRequest()
#3 /var/www/html/RotMan/public/index.php(45): CodeIgniter\CodeIgniter->run()
#4 /var/www/html/RotMan/vendor/codeigniter4/framework/system/Commands/Server/rewrite.php(34): require_once('/var/www/html/R...')
#5 {main}
CRITICAL - 2020-09-17 01:32:19 --> Undefined offset: 0
#0 /var/www/html/RotMan/app/Views/admin/router.php(19): CodeIgniter\Debug\Exceptions->errorHandler()
#1 /var/www/html/RotMan/vendor/codeigniter4/framework/system/View/View.php(246): include('/var/www/html/R...')
#2 /var/www/html/RotMan/vendor/codeigniter4/framework/system/Common.php(1119): CodeIgniter\View\View->render()
#3 /var/www/html/RotMan/app/Controllers/Admin.php(145): view()
#4 /var/www/html/RotMan/vendor/codeigniter4/framework/system/CodeIgniter.php(918): App\Controllers\Admin->detailrouter()
#5 /var/www/html/RotMan/vendor/codeigniter4/framework/system/CodeIgniter.php(404): CodeIgniter\CodeIgniter->runController()
#6 /var/www/html/RotMan/vendor/codeigniter4/framework/system/CodeIgniter.php(312): CodeIgniter\CodeIgniter->handleRequest()
#7 /var/www/html/RotMan/public/index.php(45): CodeIgniter\CodeIgniter->run()
#8 /var/www/html/RotMan/vendor/codeigniter4/framework/system/Commands/Server/rewrite.php(34): require_once('/var/www/html/R...')
#9 {main}
CRITICAL - 2020-09-17 01:33:08 --> Undefined offset: 0
#0 /var/www/html/RotMan/app/Views/admin/router.php(78): CodeIgniter\Debug\Exceptions->errorHandler()
#1 /var/www/html/RotMan/vendor/codeigniter4/framework/system/View/View.php(246): include('/var/www/html/R...')
#2 /var/www/html/RotMan/vendor/codeigniter4/framework/system/Common.php(1119): CodeIgniter\View\View->render()
#3 /var/www/html/RotMan/app/Controllers/Admin.php(145): view()
#4 /var/www/html/RotMan/vendor/codeigniter4/framework/system/CodeIgniter.php(918): App\Controllers\Admin->detailrouter()
#5 /var/www/html/RotMan/vendor/codeigniter4/framework/system/CodeIgniter.php(404): CodeIgniter\CodeIgniter->runController()
#6 /var/www/html/RotMan/vendor/codeigniter4/framework/system/CodeIgniter.php(312): CodeIgniter\CodeIgniter->handleRequest()
#7 /var/www/html/RotMan/public/index.php(45): CodeIgniter\CodeIgniter->run()
#8 /var/www/html/RotMan/vendor/codeigniter4/framework/system/Commands/Server/rewrite.php(34): require_once('/var/www/html/R...')
#9 {main}
CRITICAL - 2020-09-17 14:10:26 --> Cannot use object of type CodeIgniter\HTTP\Files\UploadedFile as array
#0 /var/www/html/RotMan/vendor/codeigniter4/framework/system/CodeIgniter.php(918): App\Controllers\Admin->editprofile()
#1 /var/www/html/RotMan/vendor/codeigniter4/framework/system/CodeIgniter.php(404): CodeIgniter\CodeIgniter->runController()
#2 /var/www/html/RotMan/vendor/codeigniter4/framework/system/CodeIgniter.php(312): CodeIgniter\CodeIgniter->handleRequest()
#3 /var/www/html/RotMan/public/index.php(45): CodeIgniter\CodeIgniter->run()
#4 /var/www/html/RotMan/vendor/codeigniter4/framework/system/Commands/Server/rewrite.php(34): require_once('/var/www/html/R...')
#5 {main}
CRITICAL - 2020-09-17 14:11:06 --> Function name must be a string
#0 /var/www/html/RotMan/vendor/codeigniter4/framework/system/CodeIgniter.php(918): App\Controllers\Admin->editprofile()
#1 /var/www/html/RotMan/vendor/codeigniter4/framework/system/CodeIgniter.php(404): CodeIgniter\CodeIgniter->runController()
#2 /var/www/html/RotMan/vendor/codeigniter4/framework/system/CodeIgniter.php(312): CodeIgniter\CodeIgniter->handleRequest()
#3 /var/www/html/RotMan/public/index.php(45): CodeIgniter\CodeIgniter->run()
#4 /var/www/html/RotMan/vendor/codeigniter4/framework/system/Commands/Server/rewrite.php(34): require_once('/var/www/html/R...')
#5 {main}
CRITICAL - 2020-09-17 15:04:16 --> syntax error, unexpected ';', expecting ']'
#0 /var/www/html/RotMan/vendor/codeigniter4/framework/system/Autoloader/Autoloader.php(296): CodeIgniter\Autoloader\Autoloader->requireFile()
#1 /var/www/html/RotMan/vendor/codeigniter4/framework/system/Autoloader/Autoloader.php(258): CodeIgniter\Autoloader\Autoloader->loadInNamespace()
#2 [internal function]: CodeIgniter\Autoloader\Autoloader->loadClass()
#3 [internal function]: spl_autoload_call()
#4 /var/www/html/RotMan/vendor/codeigniter4/framework/system/CodeIgniter.php(869): class_exists()
#5 /var/www/html/RotMan/vendor/codeigniter4/framework/system/CodeIgniter.php(394): CodeIgniter\CodeIgniter->startController()
#6 /var/www/html/RotMan/vendor/codeigniter4/framework/system/CodeIgniter.php(312): CodeIgniter\CodeIgniter->handleRequest()
#7 /var/www/html/RotMan/public/index.php(45): CodeIgniter\CodeIgniter->run()
#8 /var/www/html/RotMan/vendor/codeigniter4/framework/system/Commands/Server/rewrite.php(34): require_once('/var/www/html/R...')
#9 {main}
CRITICAL - 2020-09-17 15:04:39 --> Call to undefined method CodeIgniter\Validation\Validation::listError()
#0 /var/www/html/RotMan/vendor/codeigniter4/framework/system/View/View.php(246): include()
#1 /var/www/html/RotMan/vendor/codeigniter4/framework/system/Common.php(1119): CodeIgniter\View\View->render()
#2 /var/www/html/RotMan/app/Controllers/Auth/Login.php(82): view()
#3 /var/www/html/RotMan/vendor/codeigniter4/framework/system/CodeIgniter.php(918): App\Controllers\Auth\Login->index()
#4 /var/www/html/RotMan/vendor/codeigniter4/framework/system/CodeIgniter.php(404): CodeIgniter\CodeIgniter->runController()
#5 /var/www/html/RotMan/vendor/codeigniter4/framework/system/CodeIgniter.php(312): CodeIgniter\CodeIgniter->handleRequest()
#6 /var/www/html/RotMan/public/index.php(45): CodeIgniter\CodeIgniter->run()
#7 /var/www/html/RotMan/vendor/codeigniter4/framework/system/Commands/Server/rewrite.php(34): require_once('/var/www/html/R...')
#8 {main}
CRITICAL - 2020-09-17 15:33:00 --> Array callback has to contain indices 0 and 1
#0 /var/www/html/RotMan/vendor/codeigniter4/framework/system/View/View.php(246): include()
#1 /var/www/html/RotMan/vendor/codeigniter4/framework/system/Common.php(1119): CodeIgniter\View\View->render()
#2 /var/www/html/RotMan/app/Controllers/Auth/Login.php(82): view()
#3 /var/www/html/RotMan/vendor/codeigniter4/framework/system/CodeIgniter.php(918): App\Controllers\Auth\Login->index()
#4 /var/www/html/RotMan/vendor/codeigniter4/framework/system/CodeIgniter.php(404): CodeIgniter\CodeIgniter->runController()
#5 /var/www/html/RotMan/vendor/codeigniter4/framework/system/CodeIgniter.php(312): CodeIgniter\CodeIgniter->handleRequest()
#6 /var/www/html/RotMan/public/index.php(45): CodeIgniter\CodeIgniter->run()
#7 /var/www/html/RotMan/vendor/codeigniter4/framework/system/Commands/Server/rewrite.php(34): require_once('/var/www/html/R...')
#8 {main}
CRITICAL - 2020-09-17 15:41:29 --> Call to undefined function password-salah()
#0 /var/www/html/RotMan/vendor/codeigniter4/framework/system/View/View.php(246): include()
#1 /var/www/html/RotMan/vendor/codeigniter4/framework/system/Common.php(1119): CodeIgniter\View\View->render()
#2 /var/www/html/RotMan/app/Controllers/Auth/Login.php(82): view()
#3 /var/www/html/RotMan/vendor/codeigniter4/framework/system/CodeIgniter.php(918): App\Controllers\Auth\Login->index()
#4 /var/www/html/RotMan/vendor/codeigniter4/framework/system/CodeIgniter.php(404): CodeIgniter\CodeIgniter->runController()
#5 /var/www/html/RotMan/vendor/codeigniter4/framework/system/CodeIgniter.php(312): CodeIgniter\CodeIgniter->handleRequest()
#6 /var/www/html/RotMan/public/index.php(45): CodeIgniter\CodeIgniter->run()
#7 /var/www/html/RotMan/vendor/codeigniter4/framework/system/Commands/Server/rewrite.php(34): require_once('/var/www/html/R...')
#8 {main}
CRITICAL - 2020-09-17 15:43:04 --> Call to undefined function ()
#0 /var/www/html/RotMan/vendor/codeigniter4/framework/system/View/View.php(246): include()
#1 /var/www/html/RotMan/vendor/codeigniter4/framework/system/Common.php(1119): CodeIgniter\View\View->render()
#2 /var/www/html/RotMan/app/Controllers/Auth/Login.php(82): view()
#3 /var/www/html/RotMan/vendor/codeigniter4/framework/system/CodeIgniter.php(918): App\Controllers\Auth\Login->index()
#4 /var/www/html/RotMan/vendor/codeigniter4/framework/system/CodeIgniter.php(404): CodeIgniter\CodeIgniter->runController()
#5 /var/www/html/RotMan/vendor/codeigniter4/framework/system/CodeIgniter.php(312): CodeIgniter\CodeIgniter->handleRequest()
#6 /var/www/html/RotMan/public/index.php(45): CodeIgniter\CodeIgniter->run()
#7 /var/www/html/RotMan/vendor/codeigniter4/framework/system/Commands/Server/rewrite.php(34): require_once('/var/www/html/R...')
#8 {main}
