CRITICAL - 2020-08-26 23:58:48 --> Array to string conversion
#0 /var/www/html/RotMan/app/Views/admin/router.php(19): CodeIgniter\Debug\Exceptions->errorHandler()
#1 /var/www/html/RotMan/vendor/codeigniter4/framework/system/View/View.php(246): include('/var/www/html/R...')
#2 /var/www/html/RotMan/vendor/codeigniter4/framework/system/Common.php(1119): CodeIgniter\View\View->render()
#3 /var/www/html/RotMan/app/Controllers/Admin.php(148): view()
#4 /var/www/html/RotMan/vendor/codeigniter4/framework/system/CodeIgniter.php(918): App\Controllers\Admin->detailrouter()
#5 /var/www/html/RotMan/vendor/codeigniter4/framework/system/CodeIgniter.php(404): CodeIgniter\CodeIgniter->runController()
#6 /var/www/html/RotMan/vendor/codeigniter4/framework/system/CodeIgniter.php(312): CodeIgniter\CodeIgniter->handleRequest()
#7 /var/www/html/RotMan/public/index.php(45): CodeIgniter\CodeIgniter->run()
#8 /var/www/html/RotMan/vendor/codeigniter4/framework/system/Commands/Server/rewrite.php(34): require_once('/var/www/html/R...')
#9 {main}
CRITICAL - 2020-08-26 23:58:59 --> Array to string conversion
#0 /var/www/html/RotMan/app/Views/admin/router.php(19): CodeIgniter\Debug\Exceptions->errorHandler()
#1 /var/www/html/RotMan/vendor/codeigniter4/framework/system/View/View.php(246): include('/var/www/html/R...')
#2 /var/www/html/RotMan/vendor/codeigniter4/framework/system/Common.php(1119): CodeIgniter\View\View->render()
#3 /var/www/html/RotMan/app/Controllers/Admin.php(148): view()
#4 /var/www/html/RotMan/vendor/codeigniter4/framework/system/CodeIgniter.php(918): App\Controllers\Admin->detailrouter()
#5 /var/www/html/RotMan/vendor/codeigniter4/framework/system/CodeIgniter.php(404): CodeIgniter\CodeIgniter->runController()
#6 /var/www/html/RotMan/vendor/codeigniter4/framework/system/CodeIgniter.php(312): CodeIgniter\CodeIgniter->handleRequest()
#7 /var/www/html/RotMan/public/index.php(45): CodeIgniter\CodeIgniter->run()
#8 /var/www/html/RotMan/vendor/codeigniter4/framework/system/Commands/Server/rewrite.php(34): require_once('/var/www/html/R...')
#9 {main}
