CRITICAL - 2020-08-19 00:02:38 --> Array to string conversion
#0 /var/www/html/ci4app/app/Controllers/Auth/Login.php(25): CodeIgniter\Debug\Exceptions->errorHandler()
#1 /var/www/html/ci4app/vendor/codeigniter4/framework/system/CodeIgniter.php(918): App\Controllers\Auth\Login->cek()
#2 /var/www/html/ci4app/vendor/codeigniter4/framework/system/CodeIgniter.php(404): CodeIgniter\CodeIgniter->runController()
#3 /var/www/html/ci4app/vendor/codeigniter4/framework/system/CodeIgniter.php(312): CodeIgniter\CodeIgniter->handleRequest()
#4 /var/www/html/ci4app/public/index.php(45): CodeIgniter\CodeIgniter->run()
#5 /var/www/html/ci4app/vendor/codeigniter4/framework/system/Commands/Server/rewrite.php(34): require_once('/var/www/html/c...')
#6 {main}
CRITICAL - 2020-08-19 00:11:07 --> Undefined offset: 1
#0 /var/www/html/ci4app/app/Controllers/Auth/Login.php(26): CodeIgniter\Debug\Exceptions->errorHandler()
#1 /var/www/html/ci4app/vendor/codeigniter4/framework/system/CodeIgniter.php(918): App\Controllers\Auth\Login->cek()
#2 /var/www/html/ci4app/vendor/codeigniter4/framework/system/CodeIgniter.php(404): CodeIgniter\CodeIgniter->runController()
#3 /var/www/html/ci4app/vendor/codeigniter4/framework/system/CodeIgniter.php(312): CodeIgniter\CodeIgniter->handleRequest()
#4 /var/www/html/ci4app/public/index.php(45): CodeIgniter\CodeIgniter->run()
#5 /var/www/html/ci4app/vendor/codeigniter4/framework/system/Commands/Server/rewrite.php(34): require_once('/var/www/html/c...')
#6 {main}
CRITICAL - 2020-08-19 00:11:57 --> Undefined index: username
#0 /var/www/html/ci4app/app/Controllers/Auth/Login.php(26): CodeIgniter\Debug\Exceptions->errorHandler()
#1 /var/www/html/ci4app/vendor/codeigniter4/framework/system/CodeIgniter.php(918): App\Controllers\Auth\Login->cek()
#2 /var/www/html/ci4app/vendor/codeigniter4/framework/system/CodeIgniter.php(404): CodeIgniter\CodeIgniter->runController()
#3 /var/www/html/ci4app/vendor/codeigniter4/framework/system/CodeIgniter.php(312): CodeIgniter\CodeIgniter->handleRequest()
#4 /var/www/html/ci4app/public/index.php(45): CodeIgniter\CodeIgniter->run()
#5 /var/www/html/ci4app/vendor/codeigniter4/framework/system/Commands/Server/rewrite.php(34): require_once('/var/www/html/c...')
#6 {main}
CRITICAL - 2020-08-19 00:16:19 --> syntax error, unexpected '}', expecting ';' or ','
#0 /var/www/html/ci4app/vendor/codeigniter4/framework/system/Autoloader/Autoloader.php(296): CodeIgniter\Autoloader\Autoloader->requireFile()
#1 /var/www/html/ci4app/vendor/codeigniter4/framework/system/Autoloader/Autoloader.php(258): CodeIgniter\Autoloader\Autoloader->loadInNamespace()
#2 [internal function]: CodeIgniter\Autoloader\Autoloader->loadClass()
#3 [internal function]: spl_autoload_call()
#4 /var/www/html/ci4app/vendor/codeigniter4/framework/system/CodeIgniter.php(869): class_exists()
#5 /var/www/html/ci4app/vendor/codeigniter4/framework/system/CodeIgniter.php(394): CodeIgniter\CodeIgniter->startController()
#6 /var/www/html/ci4app/vendor/codeigniter4/framework/system/CodeIgniter.php(312): CodeIgniter\CodeIgniter->handleRequest()
#7 /var/www/html/ci4app/public/index.php(45): CodeIgniter\CodeIgniter->run()
#8 /var/www/html/ci4app/vendor/codeigniter4/framework/system/Commands/Server/rewrite.php(34): require_once('/var/www/html/c...')
#9 {main}
CRITICAL - 2020-08-19 00:16:36 --> password_verify() expects parameter 2 to be string, array given
#0 [internal function]: CodeIgniter\Debug\Exceptions->errorHandler()
#1 /var/www/html/ci4app/app/Controllers/Auth/Login.php(27): password_verify()
#2 /var/www/html/ci4app/vendor/codeigniter4/framework/system/CodeIgniter.php(918): App\Controllers\Auth\Login->cek()
#3 /var/www/html/ci4app/vendor/codeigniter4/framework/system/CodeIgniter.php(404): CodeIgniter\CodeIgniter->runController()
#4 /var/www/html/ci4app/vendor/codeigniter4/framework/system/CodeIgniter.php(312): CodeIgniter\CodeIgniter->handleRequest()
#5 /var/www/html/ci4app/public/index.php(45): CodeIgniter\CodeIgniter->run()
#6 /var/www/html/ci4app/vendor/codeigniter4/framework/system/Commands/Server/rewrite.php(34): require_once('/var/www/html/c...')
#7 {main}
CRITICAL - 2020-08-19 00:30:53 --> Call to undefined method App\Models\UserloginModel::getResultArray
#0 /var/www/html/ci4app/app/Controllers/Auth/Login.php(25): CodeIgniter\Model->__call()
#1 /var/www/html/ci4app/vendor/codeigniter4/framework/system/CodeIgniter.php(918): App\Controllers\Auth\Login->cek()
#2 /var/www/html/ci4app/vendor/codeigniter4/framework/system/CodeIgniter.php(404): CodeIgniter\CodeIgniter->runController()
#3 /var/www/html/ci4app/vendor/codeigniter4/framework/system/CodeIgniter.php(312): CodeIgniter\CodeIgniter->handleRequest()
#4 /var/www/html/ci4app/public/index.php(45): CodeIgniter\CodeIgniter->run()
#5 /var/www/html/ci4app/vendor/codeigniter4/framework/system/Commands/Server/rewrite.php(34): require_once('/var/www/html/c...')
#6 {main}
CRITICAL - 2020-08-19 00:31:23 --> Call to a member function getResultArray() on array
#0 /var/www/html/ci4app/vendor/codeigniter4/framework/system/CodeIgniter.php(918): App\Controllers\Auth\Login->cek()
#1 /var/www/html/ci4app/vendor/codeigniter4/framework/system/CodeIgniter.php(404): CodeIgniter\CodeIgniter->runController()
#2 /var/www/html/ci4app/vendor/codeigniter4/framework/system/CodeIgniter.php(312): CodeIgniter\CodeIgniter->handleRequest()
#3 /var/www/html/ci4app/public/index.php(45): CodeIgniter\CodeIgniter->run()
#4 /var/www/html/ci4app/vendor/codeigniter4/framework/system/Commands/Server/rewrite.php(34): require_once('/var/www/html/c...')
#5 {main}
CRITICAL - 2020-08-19 00:31:50 --> Call to a member function getResultArray() on array
#0 /var/www/html/ci4app/vendor/codeigniter4/framework/system/CodeIgniter.php(918): App\Controllers\Auth\Login->cek()
#1 /var/www/html/ci4app/vendor/codeigniter4/framework/system/CodeIgniter.php(404): CodeIgniter\CodeIgniter->runController()
#2 /var/www/html/ci4app/vendor/codeigniter4/framework/system/CodeIgniter.php(312): CodeIgniter\CodeIgniter->handleRequest()
#3 /var/www/html/ci4app/public/index.php(45): CodeIgniter\CodeIgniter->run()
#4 /var/www/html/ci4app/vendor/codeigniter4/framework/system/Commands/Server/rewrite.php(34): require_once('/var/www/html/c...')
#5 {main}
CRITICAL - 2020-08-19 00:34:33 --> syntax error, unexpected '}'
#0 /var/www/html/ci4app/vendor/codeigniter4/framework/system/Autoloader/Autoloader.php(296): CodeIgniter\Autoloader\Autoloader->requireFile()
#1 /var/www/html/ci4app/vendor/codeigniter4/framework/system/Autoloader/Autoloader.php(258): CodeIgniter\Autoloader\Autoloader->loadInNamespace()
#2 [internal function]: CodeIgniter\Autoloader\Autoloader->loadClass()
#3 [internal function]: spl_autoload_call()
#4 /var/www/html/ci4app/vendor/codeigniter4/framework/system/CodeIgniter.php(869): class_exists()
#5 /var/www/html/ci4app/vendor/codeigniter4/framework/system/CodeIgniter.php(394): CodeIgniter\CodeIgniter->startController()
#6 /var/www/html/ci4app/vendor/codeigniter4/framework/system/CodeIgniter.php(312): CodeIgniter\CodeIgniter->handleRequest()
#7 /var/www/html/ci4app/public/index.php(45): CodeIgniter\CodeIgniter->run()
#8 /var/www/html/ci4app/vendor/codeigniter4/framework/system/Commands/Server/rewrite.php(34): require_once('/var/www/html/c...')
#9 {main}
CRITICAL - 2020-08-19 00:34:46 --> Undefined property: App\Controllers\Auth\Login::$db
#0 /var/www/html/ci4app/app/Controllers/Auth/Login.php(25): CodeIgniter\Debug\Exceptions->errorHandler()
#1 /var/www/html/ci4app/vendor/codeigniter4/framework/system/CodeIgniter.php(918): App\Controllers\Auth\Login->cek()
#2 /var/www/html/ci4app/vendor/codeigniter4/framework/system/CodeIgniter.php(404): CodeIgniter\CodeIgniter->runController()
#3 /var/www/html/ci4app/vendor/codeigniter4/framework/system/CodeIgniter.php(312): CodeIgniter\CodeIgniter->handleRequest()
#4 /var/www/html/ci4app/public/index.php(45): CodeIgniter\CodeIgniter->run()
#5 /var/www/html/ci4app/vendor/codeigniter4/framework/system/Commands/Server/rewrite.php(34): require_once('/var/www/html/c...')
#6 {main}
CRITICAL - 2020-08-19 00:41:36 --> Unknown column 'admin' in 'where clause'
#0 /var/www/html/ci4app/vendor/codeigniter4/framework/system/Database/MySQLi/Connection.php(331): mysqli->query()
#1 /var/www/html/ci4app/vendor/codeigniter4/framework/system/Database/BaseConnection.php(741): CodeIgniter\Database\MySQLi\Connection->execute()
#2 /var/www/html/ci4app/vendor/codeigniter4/framework/system/Database/BaseConnection.php(669): CodeIgniter\Database\BaseConnection->simpleQuery()
#3 /var/www/html/ci4app/app/Controllers/Auth/Login.php(26): CodeIgniter\Database\BaseConnection->query()
#4 /var/www/html/ci4app/vendor/codeigniter4/framework/system/CodeIgniter.php(918): App\Controllers\Auth\Login->cek()
#5 /var/www/html/ci4app/vendor/codeigniter4/framework/system/CodeIgniter.php(404): CodeIgniter\CodeIgniter->runController()
#6 /var/www/html/ci4app/vendor/codeigniter4/framework/system/CodeIgniter.php(312): CodeIgniter\CodeIgniter->handleRequest()
#7 /var/www/html/ci4app/public/index.php(45): CodeIgniter\CodeIgniter->run()
#8 /var/www/html/ci4app/vendor/codeigniter4/framework/system/Commands/Server/rewrite.php(34): require_once('/var/www/html/c...')
#9 {main}
CRITICAL - 2020-08-19 00:43:10 --> Unknown column 'admin' in 'where clause'
#0 /var/www/html/ci4app/vendor/codeigniter4/framework/system/Database/MySQLi/Connection.php(331): mysqli->query()
#1 /var/www/html/ci4app/vendor/codeigniter4/framework/system/Database/BaseConnection.php(741): CodeIgniter\Database\MySQLi\Connection->execute()
#2 /var/www/html/ci4app/app/Controllers/Auth/Login.php(27): CodeIgniter\Database\BaseConnection->simpleQuery()
#3 /var/www/html/ci4app/vendor/codeigniter4/framework/system/CodeIgniter.php(918): App\Controllers\Auth\Login->cek()
#4 /var/www/html/ci4app/vendor/codeigniter4/framework/system/CodeIgniter.php(404): CodeIgniter\CodeIgniter->runController()
#5 /var/www/html/ci4app/vendor/codeigniter4/framework/system/CodeIgniter.php(312): CodeIgniter\CodeIgniter->handleRequest()
#6 /var/www/html/ci4app/public/index.php(45): CodeIgniter\CodeIgniter->run()
#7 /var/www/html/ci4app/vendor/codeigniter4/framework/system/Commands/Server/rewrite.php(34): require_once('/var/www/html/c...')
#8 {main}
CRITICAL - 2020-08-19 00:47:48 --> Unknown column 'admin' in 'where clause'
#0 /var/www/html/ci4app/vendor/codeigniter4/framework/system/Database/MySQLi/Connection.php(331): mysqli->query()
#1 /var/www/html/ci4app/vendor/codeigniter4/framework/system/Database/BaseConnection.php(741): CodeIgniter\Database\MySQLi\Connection->execute()
#2 /var/www/html/ci4app/vendor/codeigniter4/framework/system/Database/BaseConnection.php(669): CodeIgniter\Database\BaseConnection->simpleQuery()
#3 /var/www/html/ci4app/app/Controllers/Auth/Login.php(25): CodeIgniter\Database\BaseConnection->query()
#4 /var/www/html/ci4app/vendor/codeigniter4/framework/system/CodeIgniter.php(918): App\Controllers\Auth\Login->cek()
#5 /var/www/html/ci4app/vendor/codeigniter4/framework/system/CodeIgniter.php(404): CodeIgniter\CodeIgniter->runController()
#6 /var/www/html/ci4app/vendor/codeigniter4/framework/system/CodeIgniter.php(312): CodeIgniter\CodeIgniter->handleRequest()
#7 /var/www/html/ci4app/public/index.php(45): CodeIgniter\CodeIgniter->run()
#8 /var/www/html/ci4app/vendor/codeigniter4/framework/system/Commands/Server/rewrite.php(34): require_once('/var/www/html/c...')
#9 {main}
CRITICAL - 2020-08-19 00:47:50 --> Unknown column 'admin' in 'where clause'
#0 /var/www/html/ci4app/vendor/codeigniter4/framework/system/Database/MySQLi/Connection.php(331): mysqli->query()
#1 /var/www/html/ci4app/vendor/codeigniter4/framework/system/Database/BaseConnection.php(741): CodeIgniter\Database\MySQLi\Connection->execute()
#2 /var/www/html/ci4app/vendor/codeigniter4/framework/system/Database/BaseConnection.php(669): CodeIgniter\Database\BaseConnection->simpleQuery()
#3 /var/www/html/ci4app/app/Controllers/Auth/Login.php(25): CodeIgniter\Database\BaseConnection->query()
#4 /var/www/html/ci4app/vendor/codeigniter4/framework/system/CodeIgniter.php(918): App\Controllers\Auth\Login->cek()
#5 /var/www/html/ci4app/vendor/codeigniter4/framework/system/CodeIgniter.php(404): CodeIgniter\CodeIgniter->runController()
#6 /var/www/html/ci4app/vendor/codeigniter4/framework/system/CodeIgniter.php(312): CodeIgniter\CodeIgniter->handleRequest()
#7 /var/www/html/ci4app/public/index.php(45): CodeIgniter\CodeIgniter->run()
#8 /var/www/html/ci4app/vendor/codeigniter4/framework/system/Commands/Server/rewrite.php(34): require_once('/var/www/html/c...')
#9 {main}
CRITICAL - 2020-08-19 00:47:53 --> Unknown column 'admin' in 'where clause'
#0 /var/www/html/ci4app/vendor/codeigniter4/framework/system/Database/MySQLi/Connection.php(331): mysqli->query()
#1 /var/www/html/ci4app/vendor/codeigniter4/framework/system/Database/BaseConnection.php(741): CodeIgniter\Database\MySQLi\Connection->execute()
#2 /var/www/html/ci4app/vendor/codeigniter4/framework/system/Database/BaseConnection.php(669): CodeIgniter\Database\BaseConnection->simpleQuery()
#3 /var/www/html/ci4app/app/Controllers/Auth/Login.php(25): CodeIgniter\Database\BaseConnection->query()
#4 /var/www/html/ci4app/vendor/codeigniter4/framework/system/CodeIgniter.php(918): App\Controllers\Auth\Login->cek()
#5 /var/www/html/ci4app/vendor/codeigniter4/framework/system/CodeIgniter.php(404): CodeIgniter\CodeIgniter->runController()
#6 /var/www/html/ci4app/vendor/codeigniter4/framework/system/CodeIgniter.php(312): CodeIgniter\CodeIgniter->handleRequest()
#7 /var/www/html/ci4app/public/index.php(45): CodeIgniter\CodeIgniter->run()
#8 /var/www/html/ci4app/vendor/codeigniter4/framework/system/Commands/Server/rewrite.php(34): require_once('/var/www/html/c...')
#9 {main}
CRITICAL - 2020-08-19 00:48:06 --> Unknown column 'admin' in 'where clause'
#0 /var/www/html/ci4app/vendor/codeigniter4/framework/system/Database/MySQLi/Connection.php(331): mysqli->query()
#1 /var/www/html/ci4app/vendor/codeigniter4/framework/system/Database/BaseConnection.php(741): CodeIgniter\Database\MySQLi\Connection->execute()
#2 /var/www/html/ci4app/vendor/codeigniter4/framework/system/Database/BaseConnection.php(669): CodeIgniter\Database\BaseConnection->simpleQuery()
#3 /var/www/html/ci4app/app/Controllers/Auth/Login.php(25): CodeIgniter\Database\BaseConnection->query()
#4 /var/www/html/ci4app/vendor/codeigniter4/framework/system/CodeIgniter.php(918): App\Controllers\Auth\Login->cek()
#5 /var/www/html/ci4app/vendor/codeigniter4/framework/system/CodeIgniter.php(404): CodeIgniter\CodeIgniter->runController()
#6 /var/www/html/ci4app/vendor/codeigniter4/framework/system/CodeIgniter.php(312): CodeIgniter\CodeIgniter->handleRequest()
#7 /var/www/html/ci4app/public/index.php(45): CodeIgniter\CodeIgniter->run()
#8 /var/www/html/ci4app/vendor/codeigniter4/framework/system/Commands/Server/rewrite.php(34): require_once('/var/www/html/c...')
#9 {main}
CRITICAL - 2020-08-19 00:49:31 --> Unknown column 'admin' in 'where clause'
#0 /var/www/html/ci4app/vendor/codeigniter4/framework/system/Database/MySQLi/Connection.php(331): mysqli->query()
#1 /var/www/html/ci4app/vendor/codeigniter4/framework/system/Database/BaseConnection.php(741): CodeIgniter\Database\MySQLi\Connection->execute()
#2 /var/www/html/ci4app/vendor/codeigniter4/framework/system/Database/BaseConnection.php(669): CodeIgniter\Database\BaseConnection->simpleQuery()
#3 /var/www/html/ci4app/app/Controllers/Auth/Login.php(25): CodeIgniter\Database\BaseConnection->query()
#4 /var/www/html/ci4app/vendor/codeigniter4/framework/system/CodeIgniter.php(918): App\Controllers\Auth\Login->cek()
#5 /var/www/html/ci4app/vendor/codeigniter4/framework/system/CodeIgniter.php(404): CodeIgniter\CodeIgniter->runController()
#6 /var/www/html/ci4app/vendor/codeigniter4/framework/system/CodeIgniter.php(312): CodeIgniter\CodeIgniter->handleRequest()
#7 /var/www/html/ci4app/public/index.php(45): CodeIgniter\CodeIgniter->run()
#8 /var/www/html/ci4app/vendor/codeigniter4/framework/system/Commands/Server/rewrite.php(34): require_once('/var/www/html/c...')
#9 {main}
CRITICAL - 2020-08-19 00:49:42 --> Unknown column 'admin' in 'where clause'
#0 /var/www/html/ci4app/vendor/codeigniter4/framework/system/Database/MySQLi/Connection.php(331): mysqli->query()
#1 /var/www/html/ci4app/vendor/codeigniter4/framework/system/Database/BaseConnection.php(741): CodeIgniter\Database\MySQLi\Connection->execute()
#2 /var/www/html/ci4app/vendor/codeigniter4/framework/system/Database/BaseConnection.php(669): CodeIgniter\Database\BaseConnection->simpleQuery()
#3 /var/www/html/ci4app/app/Controllers/Auth/Login.php(25): CodeIgniter\Database\BaseConnection->query()
#4 /var/www/html/ci4app/vendor/codeigniter4/framework/system/CodeIgniter.php(918): App\Controllers\Auth\Login->cek()
#5 /var/www/html/ci4app/vendor/codeigniter4/framework/system/CodeIgniter.php(404): CodeIgniter\CodeIgniter->runController()
#6 /var/www/html/ci4app/vendor/codeigniter4/framework/system/CodeIgniter.php(312): CodeIgniter\CodeIgniter->handleRequest()
#7 /var/www/html/ci4app/public/index.php(45): CodeIgniter\CodeIgniter->run()
#8 /var/www/html/ci4app/vendor/codeigniter4/framework/system/Commands/Server/rewrite.php(34): require_once('/var/www/html/c...')
#9 {main}
CRITICAL - 2020-08-19 00:51:34 --> You have an error in your SQL syntax; check the manual that corresponds to your MariaDB server version for the right syntax to use near '?' at line 1
#0 /var/www/html/ci4app/vendor/codeigniter4/framework/system/Database/MySQLi/Connection.php(331): mysqli->query()
#1 /var/www/html/ci4app/vendor/codeigniter4/framework/system/Database/BaseConnection.php(741): CodeIgniter\Database\MySQLi\Connection->execute()
#2 /var/www/html/ci4app/vendor/codeigniter4/framework/system/Database/BaseConnection.php(669): CodeIgniter\Database\BaseConnection->simpleQuery()
#3 /var/www/html/ci4app/app/Controllers/Auth/Login.php(25): CodeIgniter\Database\BaseConnection->query()
#4 /var/www/html/ci4app/vendor/codeigniter4/framework/system/CodeIgniter.php(918): App\Controllers\Auth\Login->cek()
#5 /var/www/html/ci4app/vendor/codeigniter4/framework/system/CodeIgniter.php(404): CodeIgniter\CodeIgniter->runController()
#6 /var/www/html/ci4app/vendor/codeigniter4/framework/system/CodeIgniter.php(312): CodeIgniter\CodeIgniter->handleRequest()
#7 /var/www/html/ci4app/public/index.php(45): CodeIgniter\CodeIgniter->run()
#8 /var/www/html/ci4app/vendor/codeigniter4/framework/system/Commands/Server/rewrite.php(34): require_once('/var/www/html/c...')
#9 {main}
CRITICAL - 2020-08-19 00:52:40 --> syntax error, unexpected end of file
#0 /var/www/html/ci4app/vendor/codeigniter4/framework/system/Autoloader/Autoloader.php(296): CodeIgniter\Autoloader\Autoloader->requireFile()
#1 /var/www/html/ci4app/vendor/codeigniter4/framework/system/Autoloader/Autoloader.php(258): CodeIgniter\Autoloader\Autoloader->loadInNamespace()
#2 [internal function]: CodeIgniter\Autoloader\Autoloader->loadClass()
#3 [internal function]: spl_autoload_call()
#4 /var/www/html/ci4app/vendor/codeigniter4/framework/system/CodeIgniter.php(869): class_exists()
#5 /var/www/html/ci4app/vendor/codeigniter4/framework/system/CodeIgniter.php(394): CodeIgniter\CodeIgniter->startController()
#6 /var/www/html/ci4app/vendor/codeigniter4/framework/system/CodeIgniter.php(312): CodeIgniter\CodeIgniter->handleRequest()
#7 /var/www/html/ci4app/public/index.php(45): CodeIgniter\CodeIgniter->run()
#8 /var/www/html/ci4app/vendor/codeigniter4/framework/system/Commands/Server/rewrite.php(34): require_once('/var/www/html/c...')
#9 {main}
CRITICAL - 2020-08-19 00:52:53 --> syntax error, unexpected end of file
#0 /var/www/html/ci4app/vendor/codeigniter4/framework/system/Autoloader/Autoloader.php(296): CodeIgniter\Autoloader\Autoloader->requireFile()
#1 /var/www/html/ci4app/vendor/codeigniter4/framework/system/Autoloader/Autoloader.php(258): CodeIgniter\Autoloader\Autoloader->loadInNamespace()
#2 [internal function]: CodeIgniter\Autoloader\Autoloader->loadClass()
#3 [internal function]: spl_autoload_call()
#4 /var/www/html/ci4app/vendor/codeigniter4/framework/system/CodeIgniter.php(869): class_exists()
#5 /var/www/html/ci4app/vendor/codeigniter4/framework/system/CodeIgniter.php(394): CodeIgniter\CodeIgniter->startController()
#6 /var/www/html/ci4app/vendor/codeigniter4/framework/system/CodeIgniter.php(312): CodeIgniter\CodeIgniter->handleRequest()
#7 /var/www/html/ci4app/public/index.php(45): CodeIgniter\CodeIgniter->run()
#8 /var/www/html/ci4app/vendor/codeigniter4/framework/system/Commands/Server/rewrite.php(34): require_once('/var/www/html/c...')
#9 {main}
CRITICAL - 2020-08-19 00:53:47 --> Unknown column 'admin' in 'where clause'
#0 /var/www/html/ci4app/vendor/codeigniter4/framework/system/Database/MySQLi/Connection.php(331): mysqli->query()
#1 /var/www/html/ci4app/vendor/codeigniter4/framework/system/Database/BaseConnection.php(741): CodeIgniter\Database\MySQLi\Connection->execute()
#2 /var/www/html/ci4app/vendor/codeigniter4/framework/system/Database/BaseConnection.php(669): CodeIgniter\Database\BaseConnection->simpleQuery()
#3 /var/www/html/ci4app/app/Controllers/Auth/Login.php(25): CodeIgniter\Database\BaseConnection->query()
#4 /var/www/html/ci4app/vendor/codeigniter4/framework/system/CodeIgniter.php(918): App\Controllers\Auth\Login->cek()
#5 /var/www/html/ci4app/vendor/codeigniter4/framework/system/CodeIgniter.php(404): CodeIgniter\CodeIgniter->runController()
#6 /var/www/html/ci4app/vendor/codeigniter4/framework/system/CodeIgniter.php(312): CodeIgniter\CodeIgniter->handleRequest()
#7 /var/www/html/ci4app/public/index.php(45): CodeIgniter\CodeIgniter->run()
#8 /var/www/html/ci4app/vendor/codeigniter4/framework/system/Commands/Server/rewrite.php(34): require_once('/var/www/html/c...')
#9 {main}
CRITICAL - 2020-08-19 00:55:20 --> Call to undefined method CodeIgniter\Database\MySQLi\Connection::get_where()
#0 /var/www/html/ci4app/vendor/codeigniter4/framework/system/CodeIgniter.php(918): App\Controllers\Auth\Login->cek()
#1 /var/www/html/ci4app/vendor/codeigniter4/framework/system/CodeIgniter.php(404): CodeIgniter\CodeIgniter->runController()
#2 /var/www/html/ci4app/vendor/codeigniter4/framework/system/CodeIgniter.php(312): CodeIgniter\CodeIgniter->handleRequest()
#3 /var/www/html/ci4app/public/index.php(45): CodeIgniter\CodeIgniter->run()
#4 /var/www/html/ci4app/vendor/codeigniter4/framework/system/Commands/Server/rewrite.php(34): require_once('/var/www/html/c...')
#5 {main}
CRITICAL - 2020-08-19 00:56:00 --> Call to undefined method CodeIgniter\Database\MySQLi\Connection::get()
#0 /var/www/html/ci4app/vendor/codeigniter4/framework/system/CodeIgniter.php(918): App\Controllers\Auth\Login->cek()
#1 /var/www/html/ci4app/vendor/codeigniter4/framework/system/CodeIgniter.php(404): CodeIgniter\CodeIgniter->runController()
#2 /var/www/html/ci4app/vendor/codeigniter4/framework/system/CodeIgniter.php(312): CodeIgniter\CodeIgniter->handleRequest()
#3 /var/www/html/ci4app/public/index.php(45): CodeIgniter\CodeIgniter->run()
#4 /var/www/html/ci4app/vendor/codeigniter4/framework/system/Commands/Server/rewrite.php(34): require_once('/var/www/html/c...')
#5 {main}
CRITICAL - 2020-08-19 01:00:27 --> syntax error, unexpected '}'
#0 /var/www/html/ci4app/vendor/codeigniter4/framework/system/Autoloader/Autoloader.php(296): CodeIgniter\Autoloader\Autoloader->requireFile()
#1 /var/www/html/ci4app/vendor/codeigniter4/framework/system/Autoloader/Autoloader.php(258): CodeIgniter\Autoloader\Autoloader->loadInNamespace()
#2 [internal function]: CodeIgniter\Autoloader\Autoloader->loadClass()
#3 [internal function]: spl_autoload_call()
#4 /var/www/html/ci4app/vendor/codeigniter4/framework/system/CodeIgniter.php(869): class_exists()
#5 /var/www/html/ci4app/vendor/codeigniter4/framework/system/CodeIgniter.php(394): CodeIgniter\CodeIgniter->startController()
#6 /var/www/html/ci4app/vendor/codeigniter4/framework/system/CodeIgniter.php(312): CodeIgniter\CodeIgniter->handleRequest()
#7 /var/www/html/ci4app/public/index.php(45): CodeIgniter\CodeIgniter->run()
#8 /var/www/html/ci4app/vendor/codeigniter4/framework/system/Commands/Server/rewrite.php(34): require_once('/var/www/html/c...')
#9 {main}
CRITICAL - 2020-08-19 01:01:25 --> Undefined offset: 1
#0 /var/www/html/ci4app/app/Controllers/Auth/Login.php(25): CodeIgniter\Debug\Exceptions->errorHandler()
#1 /var/www/html/ci4app/vendor/codeigniter4/framework/system/CodeIgniter.php(918): App\Controllers\Auth\Login->cek()
#2 /var/www/html/ci4app/vendor/codeigniter4/framework/system/CodeIgniter.php(404): CodeIgniter\CodeIgniter->runController()
#3 /var/www/html/ci4app/vendor/codeigniter4/framework/system/CodeIgniter.php(312): CodeIgniter\CodeIgniter->handleRequest()
#4 /var/www/html/ci4app/public/index.php(45): CodeIgniter\CodeIgniter->run()
#5 /var/www/html/ci4app/vendor/codeigniter4/framework/system/Commands/Server/rewrite.php(34): require_once('/var/www/html/c...')
#6 {main}
CRITICAL - 2020-08-19 01:01:34 --> Undefined offset: 1
#0 /var/www/html/ci4app/app/Controllers/Auth/Login.php(25): CodeIgniter\Debug\Exceptions->errorHandler()
#1 /var/www/html/ci4app/vendor/codeigniter4/framework/system/CodeIgniter.php(918): App\Controllers\Auth\Login->cek()
#2 /var/www/html/ci4app/vendor/codeigniter4/framework/system/CodeIgniter.php(404): CodeIgniter\CodeIgniter->runController()
#3 /var/www/html/ci4app/vendor/codeigniter4/framework/system/CodeIgniter.php(312): CodeIgniter\CodeIgniter->handleRequest()
#4 /var/www/html/ci4app/public/index.php(45): CodeIgniter\CodeIgniter->run()
#5 /var/www/html/ci4app/vendor/codeigniter4/framework/system/Commands/Server/rewrite.php(34): require_once('/var/www/html/c...')
#6 {main}
CRITICAL - 2020-08-19 01:01:41 --> Array to string conversion
#0 /var/www/html/ci4app/app/Controllers/Auth/Login.php(25): CodeIgniter\Debug\Exceptions->errorHandler()
#1 /var/www/html/ci4app/vendor/codeigniter4/framework/system/CodeIgniter.php(918): App\Controllers\Auth\Login->cek()
#2 /var/www/html/ci4app/vendor/codeigniter4/framework/system/CodeIgniter.php(404): CodeIgniter\CodeIgniter->runController()
#3 /var/www/html/ci4app/vendor/codeigniter4/framework/system/CodeIgniter.php(312): CodeIgniter\CodeIgniter->handleRequest()
#4 /var/www/html/ci4app/public/index.php(45): CodeIgniter\CodeIgniter->run()
#5 /var/www/html/ci4app/vendor/codeigniter4/framework/system/Commands/Server/rewrite.php(34): require_once('/var/www/html/c...')
#6 {main}
CRITICAL - 2020-08-19 01:05:52 --> Undefined offset: 0
#0 /var/www/html/ci4app/app/Controllers/Auth/Login.php(25): CodeIgniter\Debug\Exceptions->errorHandler()
#1 /var/www/html/ci4app/vendor/codeigniter4/framework/system/CodeIgniter.php(918): App\Controllers\Auth\Login->cek()
#2 /var/www/html/ci4app/vendor/codeigniter4/framework/system/CodeIgniter.php(404): CodeIgniter\CodeIgniter->runController()
#3 /var/www/html/ci4app/vendor/codeigniter4/framework/system/CodeIgniter.php(312): CodeIgniter\CodeIgniter->handleRequest()
#4 /var/www/html/ci4app/public/index.php(45): CodeIgniter\CodeIgniter->run()
#5 /var/www/html/ci4app/vendor/codeigniter4/framework/system/Commands/Server/rewrite.php(34): require_once('/var/www/html/c...')
#6 {main}
CRITICAL - 2020-08-19 01:11:38 --> Undefined property: App\Controllers\Auth\Login::$session
#0 /var/www/html/ci4app/app/Controllers/Auth/Login.php(42): CodeIgniter\Debug\Exceptions->errorHandler()
#1 /var/www/html/ci4app/vendor/codeigniter4/framework/system/CodeIgniter.php(918): App\Controllers\Auth\Login->cek()
#2 /var/www/html/ci4app/vendor/codeigniter4/framework/system/CodeIgniter.php(404): CodeIgniter\CodeIgniter->runController()
#3 /var/www/html/ci4app/vendor/codeigniter4/framework/system/CodeIgniter.php(312): CodeIgniter\CodeIgniter->handleRequest()
#4 /var/www/html/ci4app/public/index.php(45): CodeIgniter\CodeIgniter->run()
#5 /var/www/html/ci4app/vendor/codeigniter4/framework/system/Commands/Server/rewrite.php(34): require_once('/var/www/html/c...')
#6 {main}
CRITICAL - 2020-08-19 01:13:22 --> Undefined property: App\Controllers\Auth\Login::$session
#0 /var/www/html/ci4app/app/Controllers/Auth/Login.php(34): CodeIgniter\Debug\Exceptions->errorHandler()
#1 /var/www/html/ci4app/vendor/codeigniter4/framework/system/CodeIgniter.php(918): App\Controllers\Auth\Login->cek()
#2 /var/www/html/ci4app/vendor/codeigniter4/framework/system/CodeIgniter.php(404): CodeIgniter\CodeIgniter->runController()
#3 /var/www/html/ci4app/vendor/codeigniter4/framework/system/CodeIgniter.php(312): CodeIgniter\CodeIgniter->handleRequest()
#4 /var/www/html/ci4app/public/index.php(45): CodeIgniter\CodeIgniter->run()
#5 /var/www/html/ci4app/vendor/codeigniter4/framework/system/Commands/Server/rewrite.php(34): require_once('/var/www/html/c...')
#6 {main}
CRITICAL - 2020-08-19 01:19:16 --> Undefined property: App\Controllers\Auth\Login::$session
#0 /var/www/html/ci4app/app/Controllers/Auth/Login.php(34): CodeIgniter\Debug\Exceptions->errorHandler()
#1 /var/www/html/ci4app/vendor/codeigniter4/framework/system/CodeIgniter.php(918): App\Controllers\Auth\Login->cek()
#2 /var/www/html/ci4app/vendor/codeigniter4/framework/system/CodeIgniter.php(404): CodeIgniter\CodeIgniter->runController()
#3 /var/www/html/ci4app/vendor/codeigniter4/framework/system/CodeIgniter.php(312): CodeIgniter\CodeIgniter->handleRequest()
#4 /var/www/html/ci4app/public/index.php(45): CodeIgniter\CodeIgniter->run()
#5 /var/www/html/ci4app/vendor/codeigniter4/framework/system/Commands/Server/rewrite.php(34): require_once('/var/www/html/c...')
#6 {main}
CRITICAL - 2020-08-19 01:20:45 --> Call to undefined method CodeIgniter\Session\Session::set_flashdata()
#0 /var/www/html/ci4app/vendor/codeigniter4/framework/system/CodeIgniter.php(918): App\Controllers\Auth\Login->cek()
#1 /var/www/html/ci4app/vendor/codeigniter4/framework/system/CodeIgniter.php(404): CodeIgniter\CodeIgniter->runController()
#2 /var/www/html/ci4app/vendor/codeigniter4/framework/system/CodeIgniter.php(312): CodeIgniter\CodeIgniter->handleRequest()
#3 /var/www/html/ci4app/public/index.php(45): CodeIgniter\CodeIgniter->run()
#4 /var/www/html/ci4app/vendor/codeigniter4/framework/system/Commands/Server/rewrite.php(34): require_once('/var/www/html/c...')
#5 {main}
CRITICAL - 2020-08-19 02:10:03 --> Invalid file: admin.php
#0 /var/www/html/ci4app/vendor/codeigniter4/framework/system/View/View.php(228): CodeIgniter\Exceptions\FrameworkException::forInvalidFile()
#1 /var/www/html/ci4app/vendor/codeigniter4/framework/system/Common.php(1119): CodeIgniter\View\View->render()
#2 /var/www/html/ci4app/app/Controllers/Admin.php(44): view()
#3 /var/www/html/ci4app/vendor/codeigniter4/framework/system/CodeIgniter.php(918): App\Controllers\Admin->index()
#4 /var/www/html/ci4app/vendor/codeigniter4/framework/system/CodeIgniter.php(404): CodeIgniter\CodeIgniter->runController()
#5 /var/www/html/ci4app/vendor/codeigniter4/framework/system/CodeIgniter.php(312): CodeIgniter\CodeIgniter->handleRequest()
#6 /var/www/html/ci4app/public/index.php(45): CodeIgniter\CodeIgniter->run()
#7 /var/www/html/ci4app/vendor/codeigniter4/framework/system/Commands/Server/rewrite.php(34): require_once('/var/www/html/c...')
#8 {main}
CRITICAL - 2020-08-19 02:22:59 --> Undefined variable: user
#0 /var/www/html/ci4app/app/Views/template/app/sidebaradmin.php(13): CodeIgniter\Debug\Exceptions->errorHandler()
#1 /var/www/html/ci4app/vendor/codeigniter4/framework/system/View/View.php(246): include('/var/www/html/c...')
#2 /var/www/html/ci4app/vendor/codeigniter4/framework/system/Common.php(1119): CodeIgniter\View\View->render()
#3 /var/www/html/ci4app/app/Controllers/Admin.php(42): view()
#4 /var/www/html/ci4app/vendor/codeigniter4/framework/system/CodeIgniter.php(918): App\Controllers\Admin->index()
#5 /var/www/html/ci4app/vendor/codeigniter4/framework/system/CodeIgniter.php(404): CodeIgniter\CodeIgniter->runController()
#6 /var/www/html/ci4app/vendor/codeigniter4/framework/system/CodeIgniter.php(312): CodeIgniter\CodeIgniter->handleRequest()
#7 /var/www/html/ci4app/public/index.php(45): CodeIgniter\CodeIgniter->run()
#8 /var/www/html/ci4app/vendor/codeigniter4/framework/system/Commands/Server/rewrite.php(34): require_once('/var/www/html/c...')
#9 {main}
CRITICAL - 2020-08-19 02:23:29 --> Undefined variable: user
#0 /var/www/html/ci4app/app/Views/template/app/sidebaradmin.php(13): CodeIgniter\Debug\Exceptions->errorHandler()
#1 /var/www/html/ci4app/vendor/codeigniter4/framework/system/View/View.php(246): include('/var/www/html/c...')
#2 /var/www/html/ci4app/vendor/codeigniter4/framework/system/Common.php(1119): CodeIgniter\View\View->render()
#3 /var/www/html/ci4app/app/Controllers/Admin.php(42): view()
#4 /var/www/html/ci4app/vendor/codeigniter4/framework/system/CodeIgniter.php(918): App\Controllers\Admin->index()
#5 /var/www/html/ci4app/vendor/codeigniter4/framework/system/CodeIgniter.php(404): CodeIgniter\CodeIgniter->runController()
#6 /var/www/html/ci4app/vendor/codeigniter4/framework/system/CodeIgniter.php(312): CodeIgniter\CodeIgniter->handleRequest()
#7 /var/www/html/ci4app/public/index.php(45): CodeIgniter\CodeIgniter->run()
#8 /var/www/html/ci4app/vendor/codeigniter4/framework/system/Commands/Server/rewrite.php(34): require_once('/var/www/html/c...')
#9 {main}
CRITICAL - 2020-08-19 02:25:10 --> Undefined variable: user
#0 /var/www/html/ci4app/app/Views/template/app/sidebaradmin.php(13): CodeIgniter\Debug\Exceptions->errorHandler()
#1 /var/www/html/ci4app/vendor/codeigniter4/framework/system/View/View.php(246): include('/var/www/html/c...')
#2 /var/www/html/ci4app/vendor/codeigniter4/framework/system/Common.php(1119): CodeIgniter\View\View->render()
#3 /var/www/html/ci4app/app/Controllers/Admin.php(42): view()
#4 /var/www/html/ci4app/vendor/codeigniter4/framework/system/CodeIgniter.php(918): App\Controllers\Admin->index()
#5 /var/www/html/ci4app/vendor/codeigniter4/framework/system/CodeIgniter.php(404): CodeIgniter\CodeIgniter->runController()
#6 /var/www/html/ci4app/vendor/codeigniter4/framework/system/CodeIgniter.php(312): CodeIgniter\CodeIgniter->handleRequest()
#7 /var/www/html/ci4app/public/index.php(45): CodeIgniter\CodeIgniter->run()
#8 /var/www/html/ci4app/vendor/codeigniter4/framework/system/Commands/Server/rewrite.php(34): require_once('/var/www/html/c...')
#9 {main}
CRITICAL - 2020-08-19 21:03:06 --> Call to a member function getFlashdata() on array
#0 /var/www/html/ci4app/vendor/codeigniter4/framework/system/CodeIgniter.php(918): App\Controllers\Auth\Login->cek()
#1 /var/www/html/ci4app/vendor/codeigniter4/framework/system/CodeIgniter.php(404): CodeIgniter\CodeIgniter->runController()
#2 /var/www/html/ci4app/vendor/codeigniter4/framework/system/CodeIgniter.php(312): CodeIgniter\CodeIgniter->handleRequest()
#3 /var/www/html/ci4app/public/index.php(45): CodeIgniter\CodeIgniter->run()
#4 /var/www/html/ci4app/vendor/codeigniter4/framework/system/Commands/Server/rewrite.php(34): require_once('/var/www/html/c...')
#5 {main}
CRITICAL - 2020-08-19 21:05:01 --> Array to string conversion
#0 /var/www/html/ci4app/app/Controllers/Auth/Login.php(39): CodeIgniter\Debug\Exceptions->errorHandler()
#1 /var/www/html/ci4app/vendor/codeigniter4/framework/system/CodeIgniter.php(918): App\Controllers\Auth\Login->cek()
#2 /var/www/html/ci4app/vendor/codeigniter4/framework/system/CodeIgniter.php(404): CodeIgniter\CodeIgniter->runController()
#3 /var/www/html/ci4app/vendor/codeigniter4/framework/system/CodeIgniter.php(312): CodeIgniter\CodeIgniter->handleRequest()
#4 /var/www/html/ci4app/public/index.php(45): CodeIgniter\CodeIgniter->run()
#5 /var/www/html/ci4app/vendor/codeigniter4/framework/system/Commands/Server/rewrite.php(34): require_once('/var/www/html/c...')
#6 {main}
CRITICAL - 2020-08-19 21:05:23 --> Undefined index: Flashdata
#0 /var/www/html/ci4app/app/Controllers/Auth/Login.php(39): CodeIgniter\Debug\Exceptions->errorHandler()
#1 /var/www/html/ci4app/vendor/codeigniter4/framework/system/CodeIgniter.php(918): App\Controllers\Auth\Login->cek()
#2 /var/www/html/ci4app/vendor/codeigniter4/framework/system/CodeIgniter.php(404): CodeIgniter\CodeIgniter->runController()
#3 /var/www/html/ci4app/vendor/codeigniter4/framework/system/CodeIgniter.php(312): CodeIgniter\CodeIgniter->handleRequest()
#4 /var/www/html/ci4app/public/index.php(45): CodeIgniter\CodeIgniter->run()
#5 /var/www/html/ci4app/vendor/codeigniter4/framework/system/Commands/Server/rewrite.php(34): require_once('/var/www/html/c...')
#6 {main}
CRITICAL - 2020-08-19 21:40:46 --> Undefined property: CodeIgniter\View\View::$session
#0 /var/www/html/ci4app/app/Views/auth/login.php(15): CodeIgniter\Debug\Exceptions->errorHandler()
#1 /var/www/html/ci4app/vendor/codeigniter4/framework/system/View/View.php(246): include('/var/www/html/c...')
#2 /var/www/html/ci4app/vendor/codeigniter4/framework/system/Common.php(1119): CodeIgniter\View\View->render()
#3 /var/www/html/ci4app/app/Controllers/Auth/Login.php(15): view()
#4 /var/www/html/ci4app/vendor/codeigniter4/framework/system/CodeIgniter.php(918): App\Controllers\Auth\Login->index()
#5 /var/www/html/ci4app/vendor/codeigniter4/framework/system/CodeIgniter.php(404): CodeIgniter\CodeIgniter->runController()
#6 /var/www/html/ci4app/vendor/codeigniter4/framework/system/CodeIgniter.php(312): CodeIgniter\CodeIgniter->handleRequest()
#7 /var/www/html/ci4app/public/index.php(45): CodeIgniter\CodeIgniter->run()
#8 /var/www/html/ci4app/vendor/codeigniter4/framework/system/Commands/Server/rewrite.php(34): require_once('/var/www/html/c...')
#9 {main}
CRITICAL - 2020-08-19 21:41:16 --> Undefined property: CodeIgniter\View\View::$session
#0 /var/www/html/ci4app/app/Views/auth/login.php(15): CodeIgniter\Debug\Exceptions->errorHandler()
#1 /var/www/html/ci4app/vendor/codeigniter4/framework/system/View/View.php(246): include('/var/www/html/c...')
#2 /var/www/html/ci4app/vendor/codeigniter4/framework/system/Common.php(1119): CodeIgniter\View\View->render()
#3 /var/www/html/ci4app/app/Controllers/Auth/Login.php(15): view()
#4 /var/www/html/ci4app/vendor/codeigniter4/framework/system/CodeIgniter.php(918): App\Controllers\Auth\Login->index()
#5 /var/www/html/ci4app/vendor/codeigniter4/framework/system/CodeIgniter.php(404): CodeIgniter\CodeIgniter->runController()
#6 /var/www/html/ci4app/vendor/codeigniter4/framework/system/CodeIgniter.php(312): CodeIgniter\CodeIgniter->handleRequest()
#7 /var/www/html/ci4app/public/index.php(45): CodeIgniter\CodeIgniter->run()
#8 /var/www/html/ci4app/vendor/codeigniter4/framework/system/Commands/Server/rewrite.php(34): require_once('/var/www/html/c...')
#9 {main}
CRITICAL - 2020-08-19 21:41:56 --> Undefined index: pesan
#0 /var/www/html/ci4app/app/Views/auth/login.php(15): CodeIgniter\Debug\Exceptions->errorHandler()
#1 /var/www/html/ci4app/vendor/codeigniter4/framework/system/View/View.php(246): include('/var/www/html/c...')
#2 /var/www/html/ci4app/vendor/codeigniter4/framework/system/Common.php(1119): CodeIgniter\View\View->render()
#3 /var/www/html/ci4app/app/Controllers/Auth/Login.php(15): view()
#4 /var/www/html/ci4app/vendor/codeigniter4/framework/system/CodeIgniter.php(918): App\Controllers\Auth\Login->index()
#5 /var/www/html/ci4app/vendor/codeigniter4/framework/system/CodeIgniter.php(404): CodeIgniter\CodeIgniter->runController()
#6 /var/www/html/ci4app/vendor/codeigniter4/framework/system/CodeIgniter.php(312): CodeIgniter\CodeIgniter->handleRequest()
#7 /var/www/html/ci4app/public/index.php(45): CodeIgniter\CodeIgniter->run()
#8 /var/www/html/ci4app/vendor/codeigniter4/framework/system/Commands/Server/rewrite.php(34): require_once('/var/www/html/c...')
#9 {main}
CRITICAL - 2020-08-19 21:42:23 --> Undefined index: pesan
#0 /var/www/html/ci4app/app/Views/auth/login.php(15): CodeIgniter\Debug\Exceptions->errorHandler()
#1 /var/www/html/ci4app/vendor/codeigniter4/framework/system/View/View.php(246): include('/var/www/html/c...')
#2 /var/www/html/ci4app/vendor/codeigniter4/framework/system/Common.php(1119): CodeIgniter\View\View->render()
#3 /var/www/html/ci4app/app/Controllers/Auth/Login.php(15): view()
#4 /var/www/html/ci4app/vendor/codeigniter4/framework/system/CodeIgniter.php(918): App\Controllers\Auth\Login->index()
#5 /var/www/html/ci4app/vendor/codeigniter4/framework/system/CodeIgniter.php(404): CodeIgniter\CodeIgniter->runController()
#6 /var/www/html/ci4app/vendor/codeigniter4/framework/system/CodeIgniter.php(312): CodeIgniter\CodeIgniter->handleRequest()
#7 /var/www/html/ci4app/public/index.php(45): CodeIgniter\CodeIgniter->run()
#8 /var/www/html/ci4app/vendor/codeigniter4/framework/system/Commands/Server/rewrite.php(34): require_once('/var/www/html/c...')
#9 {main}
CRITICAL - 2020-08-19 21:56:42 --> Array callback has to contain indices 0 and 1
#0 /var/www/html/ci4app/vendor/codeigniter4/framework/system/View/View.php(246): include()
#1 /var/www/html/ci4app/vendor/codeigniter4/framework/system/View/View.php(257): CodeIgniter\View\View->render()
#2 /var/www/html/ci4app/vendor/codeigniter4/framework/system/Common.php(1119): CodeIgniter\View\View->render()
#3 /var/www/html/ci4app/app/Controllers/Auth/Login.php(15): view()
#4 /var/www/html/ci4app/vendor/codeigniter4/framework/system/CodeIgniter.php(918): App\Controllers\Auth\Login->index()
#5 /var/www/html/ci4app/vendor/codeigniter4/framework/system/CodeIgniter.php(404): CodeIgniter\CodeIgniter->runController()
#6 /var/www/html/ci4app/vendor/codeigniter4/framework/system/CodeIgniter.php(312): CodeIgniter\CodeIgniter->handleRequest()
#7 /var/www/html/ci4app/public/index.php(45): CodeIgniter\CodeIgniter->run()
#8 /var/www/html/ci4app/vendor/codeigniter4/framework/system/Commands/Server/rewrite.php(34): require_once('/var/www/html/c...')
#9 {main}
CRITICAL - 2020-08-19 21:56:51 --> Array callback has to contain indices 0 and 1
#0 /var/www/html/ci4app/vendor/codeigniter4/framework/system/View/View.php(246): include()
#1 /var/www/html/ci4app/vendor/codeigniter4/framework/system/View/View.php(257): CodeIgniter\View\View->render()
#2 /var/www/html/ci4app/vendor/codeigniter4/framework/system/Common.php(1119): CodeIgniter\View\View->render()
#3 /var/www/html/ci4app/app/Controllers/Auth/Login.php(15): view()
#4 /var/www/html/ci4app/vendor/codeigniter4/framework/system/CodeIgniter.php(918): App\Controllers\Auth\Login->index()
#5 /var/www/html/ci4app/vendor/codeigniter4/framework/system/CodeIgniter.php(404): CodeIgniter\CodeIgniter->runController()
#6 /var/www/html/ci4app/vendor/codeigniter4/framework/system/CodeIgniter.php(312): CodeIgniter\CodeIgniter->handleRequest()
#7 /var/www/html/ci4app/public/index.php(45): CodeIgniter\CodeIgniter->run()
#8 /var/www/html/ci4app/vendor/codeigniter4/framework/system/Commands/Server/rewrite.php(34): require_once('/var/www/html/c...')
#9 {main}
CRITICAL - 2020-08-19 21:59:11 --> Array callback has to contain indices 0 and 1
#0 /var/www/html/ci4app/vendor/codeigniter4/framework/system/View/View.php(246): include()
#1 /var/www/html/ci4app/vendor/codeigniter4/framework/system/View/View.php(257): CodeIgniter\View\View->render()
#2 /var/www/html/ci4app/vendor/codeigniter4/framework/system/Common.php(1119): CodeIgniter\View\View->render()
#3 /var/www/html/ci4app/app/Controllers/Auth/Login.php(15): view()
#4 /var/www/html/ci4app/vendor/codeigniter4/framework/system/CodeIgniter.php(918): App\Controllers\Auth\Login->index()
#5 /var/www/html/ci4app/vendor/codeigniter4/framework/system/CodeIgniter.php(404): CodeIgniter\CodeIgniter->runController()
#6 /var/www/html/ci4app/vendor/codeigniter4/framework/system/CodeIgniter.php(312): CodeIgniter\CodeIgniter->handleRequest()
#7 /var/www/html/ci4app/public/index.php(45): CodeIgniter\CodeIgniter->run()
#8 /var/www/html/ci4app/vendor/codeigniter4/framework/system/Commands/Server/rewrite.php(34): require_once('/var/www/html/c...')
#9 {main}
CRITICAL - 2020-08-19 21:59:37 --> Array callback has to contain indices 0 and 1
#0 /var/www/html/ci4app/vendor/codeigniter4/framework/system/View/View.php(246): include()
#1 /var/www/html/ci4app/vendor/codeigniter4/framework/system/View/View.php(257): CodeIgniter\View\View->render()
#2 /var/www/html/ci4app/vendor/codeigniter4/framework/system/Common.php(1119): CodeIgniter\View\View->render()
#3 /var/www/html/ci4app/app/Controllers/Auth/Login.php(15): view()
#4 /var/www/html/ci4app/vendor/codeigniter4/framework/system/CodeIgniter.php(918): App\Controllers\Auth\Login->index()
#5 /var/www/html/ci4app/vendor/codeigniter4/framework/system/CodeIgniter.php(404): CodeIgniter\CodeIgniter->runController()
#6 /var/www/html/ci4app/vendor/codeigniter4/framework/system/CodeIgniter.php(312): CodeIgniter\CodeIgniter->handleRequest()
#7 /var/www/html/ci4app/public/index.php(45): CodeIgniter\CodeIgniter->run()
#8 /var/www/html/ci4app/vendor/codeigniter4/framework/system/Commands/Server/rewrite.php(34): require_once('/var/www/html/c...')
#9 {main}
CRITICAL - 2020-08-19 22:52:41 --> Undefined index: pesan
#0 /var/www/html/ci4app/app/Views/template/auth.php(97): CodeIgniter\Debug\Exceptions->errorHandler()
#1 /var/www/html/ci4app/vendor/codeigniter4/framework/system/View/View.php(246): include('/var/www/html/c...')
#2 /var/www/html/ci4app/vendor/codeigniter4/framework/system/View/View.php(257): CodeIgniter\View\View->render()
#3 /var/www/html/ci4app/vendor/codeigniter4/framework/system/Common.php(1119): CodeIgniter\View\View->render()
#4 /var/www/html/ci4app/app/Controllers/Auth/Login.php(23): view()
#5 /var/www/html/ci4app/vendor/codeigniter4/framework/system/CodeIgniter.php(918): App\Controllers\Auth\Login->index()
#6 /var/www/html/ci4app/vendor/codeigniter4/framework/system/CodeIgniter.php(404): CodeIgniter\CodeIgniter->runController()
#7 /var/www/html/ci4app/vendor/codeigniter4/framework/system/CodeIgniter.php(312): CodeIgniter\CodeIgniter->handleRequest()
#8 /var/www/html/ci4app/public/index.php(45): CodeIgniter\CodeIgniter->run()
#9 /var/www/html/ci4app/vendor/codeigniter4/framework/system/Commands/Server/rewrite.php(34): require_once('/var/www/html/c...')
#10 {main}
CRITICAL - 2020-08-19 22:53:38 --> Undefined index: pesan
#0 /var/www/html/ci4app/app/Views/auth/login.php(15): CodeIgniter\Debug\Exceptions->errorHandler()
#1 /var/www/html/ci4app/vendor/codeigniter4/framework/system/View/View.php(246): include('/var/www/html/c...')
#2 /var/www/html/ci4app/vendor/codeigniter4/framework/system/Common.php(1119): CodeIgniter\View\View->render()
#3 /var/www/html/ci4app/app/Controllers/Auth/Login.php(23): view()
#4 /var/www/html/ci4app/vendor/codeigniter4/framework/system/CodeIgniter.php(918): App\Controllers\Auth\Login->index()
#5 /var/www/html/ci4app/vendor/codeigniter4/framework/system/CodeIgniter.php(404): CodeIgniter\CodeIgniter->runController()
#6 /var/www/html/ci4app/vendor/codeigniter4/framework/system/CodeIgniter.php(312): CodeIgniter\CodeIgniter->handleRequest()
#7 /var/www/html/ci4app/public/index.php(45): CodeIgniter\CodeIgniter->run()
#8 /var/www/html/ci4app/vendor/codeigniter4/framework/system/Commands/Server/rewrite.php(34): require_once('/var/www/html/c...')
#9 {main}
CRITICAL - 2020-08-19 22:54:26 --> Undefined index: pesan
#0 /var/www/html/ci4app/app/Views/template/auth.php(97): CodeIgniter\Debug\Exceptions->errorHandler()
#1 /var/www/html/ci4app/vendor/codeigniter4/framework/system/View/View.php(246): include('/var/www/html/c...')
#2 /var/www/html/ci4app/vendor/codeigniter4/framework/system/View/View.php(257): CodeIgniter\View\View->render()
#3 /var/www/html/ci4app/vendor/codeigniter4/framework/system/Common.php(1119): CodeIgniter\View\View->render()
#4 /var/www/html/ci4app/app/Controllers/Auth/Login.php(22): view()
#5 /var/www/html/ci4app/vendor/codeigniter4/framework/system/CodeIgniter.php(918): App\Controllers\Auth\Login->index()
#6 /var/www/html/ci4app/vendor/codeigniter4/framework/system/CodeIgniter.php(404): CodeIgniter\CodeIgniter->runController()
#7 /var/www/html/ci4app/vendor/codeigniter4/framework/system/CodeIgniter.php(312): CodeIgniter\CodeIgniter->handleRequest()
#8 /var/www/html/ci4app/public/index.php(45): CodeIgniter\CodeIgniter->run()
#9 /var/www/html/ci4app/vendor/codeigniter4/framework/system/Commands/Server/rewrite.php(34): require_once('/var/www/html/c...')
#10 {main}
